Build started 17.06.2014 22:04:05.
     1>Project "C:\Users\Asus\Documents\CodeBlocks\Игрушки\platformer\Platformer1.vcxproj" on node 2 (Build target(s)).
     1>ClCompile:
         C:\Program Files (x86)\Microsoft Visual Studio 11.0\VC\bin\CL.exe /c /I"C:\Users\Asus\Documents\Sfml\SFML-2.1\include" /ZI /nologo /W3 /WX- /Od /Oy- /D SFML_STATIC /D _MBCS /Gm /EHsc /RTC1 /MDd /GS /fp:precise /Zc:wchar_t /Zc:forScope /Fo"Debug\\" /Fd"Debug\vc110.pdb" /Gd /TP /analyze- /errorReport:prompt Source.cpp
         Source.cpp
     1>c:\users\asus\documents\codeblocks\игрушки\platformer\anim.h(37): warning C4244: 'initializing' : conversion from 'float' to 'int', possible loss of data
     1>c:\users\asus\documents\codeblocks\игрушки\platformer\anim.h(69): warning C4244: 'argument' : conversion from 'int' to 'float', possible loss of data
     1>c:\users\asus\documents\codeblocks\игрушки\platformer\anim.h(98): warning C4244: '=' : conversion from 'double' to 'float', possible loss of data
     1>c:\users\asus\documents\codeblocks\игрушки\platformer\anim.h(115): warning C4244: 'argument' : conversion from 'int' to 'float', possible loss of data
     1>c:\users\asus\documents\codeblocks\игрушки\platformer\anim.h(131): warning C4244: 'argument' : conversion from 'int' to 'float', possible loss of data
     1>c:\users\asus\documents\codeblocks\игрушки\platformer\anim.h(156): warning C4244: 'return' : conversion from 'int' to 'float', possible loss of data
     1>c:\users\asus\documents\codeblocks\игрушки\platformer\anim.h(158): warning C4244: 'return' : conversion from 'int' to 'float', possible loss of data
     1>c:\users\asus\documents\codeblocks\игрушки\platformer\level.h(60): warning C4244: 'return' : conversion from 'double' to 'float', possible loss of data
     1>c:\users\asus\documents\codeblocks\игрушки\platformer\level.h(144): warning C4244: 'initializing' : conversion from 'double' to 'float', possible loss of data
     1>c:\users\asus\documents\codeblocks\игрушки\platformer\level.h(145): warning C4244: '=' : conversion from 'float' to 'int', possible loss of data
     1>c:\users\asus\documents\codeblocks\игрушки\platformer\level.h(185): warning C4244: 'argument' : conversion from 'int' to 'float', possible loss of data
     1>c:\users\asus\documents\codeblocks\игрушки\platformer\level.h(242): warning C4244: 'argument' : conversion from 'int' to 'float', possible loss of data
     1>c:\users\asus\documents\codeblocks\игрушки\platformer\level.h(263): warning C4244: '=' : conversion from 'int' to 'float', possible loss of data
     1>c:\users\asus\documents\codeblocks\игрушки\platformer\level.h(264): warning C4244: '=' : conversion from 'int' to 'float', possible loss of data
     1>c:\users\asus\documents\codeblocks\игрушки\platformer\level.h(265): warning C4244: '=' : conversion from 'int' to 'float', possible loss of data
     1>c:\users\asus\documents\codeblocks\игрушки\platformer\level.h(266): warning C4244: '=' : conversion from 'int' to 'float', possible loss of data
     1>c:\users\asus\documents\codeblocks\игрушки\platformer\level.h(309): warning C4018: '<' : signed/unsigned mismatch
     1>c:\users\asus\documents\codeblocks\игрушки\platformer\level.h(318): warning C4018: '<' : signed/unsigned mismatch
     1>c:\users\asus\documents\codeblocks\игрушки\platformer\level.h(340): warning C4018: '<' : signed/unsigned mismatch
     1>c:\users\asus\documents\codeblocks\игрушки\platformer\level.h(341): warning C4018: '<' : signed/unsigned mismatch
     1>c:\users\asus\documents\codeblocks\игрушки\platformer\stat.h(99): warning C4244: '+=' : conversion from 'double' to 'float', possible loss of data
     1>c:\users\asus\documents\codeblocks\игрушки\platformer\stat.h(108): warning C4244: '+=' : conversion from 'double' to 'float', possible loss of data
     1>c:\users\asus\documents\codeblocks\игрушки\platformer\stat.h(113): warning C4018: '<' : signed/unsigned mismatch
     1>c:\users\asus\documents\codeblocks\игрушки\platformer\stat.h(119): warning C4305: '-=' : truncation from 'double' to 'float'
     1>c:\users\asus\documents\codeblocks\игрушки\platformer\stat.h(120): warning C4305: '-=' : truncation from 'double' to 'float'
     1>c:\users\asus\documents\codeblocks\игрушки\platformer\stat.h(147): warning C4244: 'argument' : conversion from 'int' to 'float', possible loss of data
     1>c:\users\asus\documents\codeblocks\игрушки\platformer\stat.h(148): warning C4244: 'argument' : conversion from 'int' to 'float', possible loss of data
     1>c:\users\asus\documents\codeblocks\игрушки\platformer\stat.h(149): warning C4244: 'argument' : conversion from 'int' to 'float', possible loss of data
     1>c:\users\asus\documents\codeblocks\игрушки\platformer\stat.h(150): warning C4244: 'argument' : conversion from 'int' to 'float', possible loss of data
     1>c:\users\asus\documents\codeblocks\игрушки\platformer\stat.h(158): warning C4244: 'argument' : conversion from 'float' to 'int', possible loss of data
     1>c:\users\asus\documents\codeblocks\игрушки\platformer\stat.h(159): warning C4244: 'argument' : conversion from 'float' to 'int', possible loss of data
     1>c:\users\asus\documents\codeblocks\игрушки\platformer\stat.h(163): warning C4244: 'argument' : conversion from 'int' to 'float', possible loss of data
     1>c:\users\asus\documents\codeblocks\игрушки\platformer\stat.h(163): warning C4244: 'argument' : conversion from 'size_t' to 'float', possible loss of data
     1>c:\users\asus\documents\codeblocks\игрушки\platformer\stat.h(166): warning C4244: 'argument' : conversion from 'float' to 'int', possible loss of data
     1>c:\users\asus\documents\codeblocks\игрушки\platformer\stat.h(167): warning C4244: 'argument' : conversion from 'float' to 'int', possible loss of data
     1>c:\users\asus\documents\codeblocks\игрушки\platformer\stat.h(169): warning C4244: 'argument' : conversion from 'int' to 'float', possible loss of data
     1>c:\users\asus\documents\codeblocks\игрушки\platformer\stat.h(169): warning C4244: 'argument' : conversion from 'size_t' to 'float', possible loss of data
     1>c:\users\asus\documents\codeblocks\игрушки\platformer\stat.h(176): warning C4244: 'argument' : conversion from 'int' to 'float', possible loss of data
     1>c:\users\asus\documents\codeblocks\игрушки\platformer\stat.h(177): warning C4244: 'argument' : conversion from 'int' to 'float', possible loss of data
     1>c:\users\asus\documents\codeblocks\игрушки\platformer\stat.h(188): warning C4244: 'argument' : conversion from 'int' to 'float', possible loss of data
     1>c:\users\asus\documents\codeblocks\игрушки\platformer\stat.h(189): warning C4244: 'argument' : conversion from 'int' to 'float', possible loss of data
     1>c:\users\asus\documents\codeblocks\игрушки\platformer\stat.h(190): warning C4244: 'argument' : conversion from 'int' to 'float', possible loss of data
     1>c:\users\asus\documents\codeblocks\игрушки\platformer\stat.h(191): warning C4244: 'argument' : conversion from 'int' to 'float', possible loss of data
     1>c:\users\asus\documents\codeblocks\игрушки\platformer\stat.h(204): warning C4244: 'argument' : conversion from 'float' to 'int', possible loss of data
     1>c:\users\asus\documents\codeblocks\игрушки\platformer\stat.h(205): warning C4244: 'argument' : conversion from 'float' to 'int', possible loss of data
     1>c:\users\asus\documents\codeblocks\игрушки\platformer\stat.h(210): warning C4244: 'argument' : conversion from 'int' to 'float', possible loss of data
     1>c:\users\asus\documents\codeblocks\игрушки\platformer\stat.h(222): warning C4018: '<' : signed/unsigned mismatch
     1>c:\users\asus\documents\codeblocks\игрушки\platformer\stat.h(237): warning C4244: 'argument' : conversion from 'float' to 'unsigned int', possible loss of data
     1>c:\users\asus\documents\codeblocks\игрушки\platformer\stat.h(238): warning C4244: 'argument' : conversion from 'int' to 'float', possible loss of data
     1>c:\users\asus\documents\codeblocks\игрушки\platformer\stat.h(249): warning C4244: 'argument' : conversion from 'int' to 'float', possible loss of data
     1>c:\users\asus\documents\codeblocks\игрушки\platformer\stat.h(249): warning C4244: 'argument' : conversion from 'size_t' to 'float', possible loss of data
     1>c:\users\asus\documents\codeblocks\игрушки\platformer\stat.h(260): warning C4244: 'argument' : conversion from 'int' to 'float', possible loss of data
     1>c:\users\asus\documents\codeblocks\игрушки\platformer\stat.h(261): warning C4244: 'argument' : conversion from 'int' to 'float', possible loss of data
     1>c:\users\asus\documents\codeblocks\игрушки\platformer\stat.h(269): warning C4244: 'argument' : conversion from 'int' to 'float', possible loss of data
     1>c:\users\asus\documents\codeblocks\игрушки\platformer\stat.h(269): warning C4244: 'argument' : conversion from 'size_t' to 'float', possible loss of data
     1>c:\users\asus\documents\codeblocks\игрушки\platformer\stat.h(275): warning C4244: 'argument' : conversion from 'float' to 'sf::Uint8', possible loss of data
     1>c:\users\asus\documents\codeblocks\игрушки\platformer\stat.h(276): warning C4244: 'argument' : conversion from 'int' to 'float', possible loss of data
     1>c:\users\asus\documents\codeblocks\игрушки\platformer\inventory.h(143): warning C4018: '<' : signed/unsigned mismatch
     1>c:\users\asus\documents\codeblocks\игрушки\platformer\inventory.h(190): warning C4244: 'argument' : conversion from 'int' to 'float', possible loss of data
     1>c:\users\asus\documents\codeblocks\игрушки\platformer\inventory.h(243): warning C4244: 'argument' : conversion from 'int' to 'float', possible loss of data
     1>c:\users\asus\documents\codeblocks\игрушки\platformer\inventory.h(316): warning C4244: 'argument' : conversion from 'int' to 'float', possible loss of data
     1>c:\users\asus\documents\codeblocks\игрушки\platformer\inventory.h(320): warning C4244: 'argument' : conversion from 'int' to 'float', possible loss of data
     1>c:\users\asus\documents\codeblocks\игрушки\platformer\inventory.h(337): warning C4244: 'argument' : conversion from 'float' to 'int', possible loss of data
     1>c:\users\asus\documents\codeblocks\игрушки\platformer\enemes.h(29): warning C4305: '=' : truncation from 'double' to 'float'
     1>c:\users\asus\documents\codeblocks\игрушки\platformer\enemes.h(30): warning C4244: '=' : conversion from 'int' to 'float', possible loss of data
     1>c:\users\asus\documents\codeblocks\игрушки\platformer\enemes.h(31): warning C4244: '=' : conversion from 'int' to 'float', possible loss of data
     1>c:\users\asus\documents\codeblocks\игрушки\platformer\enemes.h(33): warning C4244: '=' : conversion from 'int' to 'float', possible loss of data
     1>c:\users\asus\documents\codeblocks\игрушки\platformer\enemes.h(69): warning C4244: 'argument' : conversion from 'int' to 'float', possible loss of data
     1>c:\users\asus\documents\codeblocks\игрушки\platformer\enemes.h(74): warning C4244: 'argument' : conversion from 'float' to 'int', possible loss of data
     1>c:\users\asus\documents\codeblocks\игрушки\platformer\enemes.h(78): warning C4018: '<' : signed/unsigned mismatch
     1>c:\users\asus\documents\codeblocks\игрушки\platformer\enemes.h(79): warning C4244: 'argument' : conversion from 'int' to 'float', possible loss of data
     1>c:\users\asus\documents\codeblocks\игрушки\platformer\enemes.h(102): warning C4244: 'argument' : conversion from 'float' to 'int', possible loss of data
     1>c:\users\asus\documents\codeblocks\игрушки\platformer\enemes.h(105): warning C4244: 'argument' : conversion from 'int' to 'float', possible loss of data
     1>c:\users\asus\documents\codeblocks\игрушки\platformer\draw_text.h(71): warning C4018: '<' : signed/unsigned mismatch
     1>c:\users\asus\documents\codeblocks\игрушки\platformer\draw_text.h(74): warning C4244: 'argument' : conversion from 'int' to 'float', possible loss of data
     1>c:\users\asus\documents\codeblocks\игрушки\platformer\bullet.h(22): warning C4244: '=' : conversion from 'int' to 'float', possible loss of data
     1>c:\users\asus\documents\codeblocks\игрушки\platformer\bullet.h(23): warning C4244: '=' : conversion from 'int' to 'float', possible loss of data
     1>c:\users\asus\documents\codeblocks\игрушки\platformer\bullet.h(36): warning C4244: 'initializing' : conversion from 'float' to 'int', possible loss of data
     1>c:\users\asus\documents\codeblocks\игрушки\platformer\bullet.h(37): warning C4244: '+=' : conversion from 'double' to 'float', possible loss of data
     1>c:\users\asus\documents\codeblocks\игрушки\platformer\bullet.h(38): warning C4244: '=' : conversion from 'float' to 'int', possible loss of data
     1>c:\users\asus\documents\codeblocks\игрушки\platformer\bullet.h(44): warning C4018: '<' : signed/unsigned mismatch
     1>c:\users\asus\documents\codeblocks\игрушки\platformer\bullet.h(54): warning C4244: 'argument' : conversion from 'float' to 'int', possible loss of data
     1>c:\users\asus\documents\codeblocks\игрушки\platformer\source.cpp(72): warning C4244: '=' : conversion from 'int' to 'float', possible loss of data
     1>c:\users\asus\documents\codeblocks\игрушки\platformer\source.cpp(73): warning C4244: '=' : conversion from 'int' to 'float', possible loss of data
     1>c:\users\asus\documents\codeblocks\игрушки\platformer\source.cpp(89): warning C4244: '+=' : conversion from 'const double' to 'float', possible loss of data
     1>c:\users\asus\documents\codeblocks\игрушки\platformer\source.cpp(94): warning C4244: '+=' : conversion from 'const double' to 'float', possible loss of data
     1>c:\users\asus\documents\codeblocks\игрушки\platformer\source.cpp(99): warning C4244: '+=' : conversion from 'const double' to 'float', possible loss of data
     1>c:\users\asus\documents\codeblocks\игрушки\platformer\source.cpp(110): warning C4244: '-=' : conversion from 'const double' to 'float', possible loss of data
     1>c:\users\asus\documents\codeblocks\игрушки\platformer\source.cpp(113): warning C4244: '+=' : conversion from 'const double' to 'float', possible loss of data
     1>c:\users\asus\documents\codeblocks\игрушки\platformer\source.cpp(118): warning C4244: '=' : conversion from 'const double' to 'float', possible loss of data
     1>c:\users\asus\documents\codeblocks\игрушки\platformer\source.cpp(133): warning C4305: '=' : truncation from 'double' to 'float'
     1>c:\users\asus\documents\codeblocks\игрушки\platformer\source.cpp(135): warning C4305: '=' : truncation from 'double' to 'float'
     1>c:\users\asus\documents\codeblocks\игрушки\platformer\source.cpp(146): warning C4244: 'argument' : conversion from 'int' to 'float', possible loss of data
     1>c:\users\asus\documents\codeblocks\игрушки\platformer\source.cpp(151): warning C4018: '<' : signed/unsigned mismatch
     1>c:\users\asus\documents\codeblocks\игрушки\platformer\source.cpp(152): warning C4244: 'argument' : conversion from 'int' to 'float', possible loss of data
     1>c:\users\asus\documents\codeblocks\игрушки\platformer\source.cpp(190): warning C4244: 'initializing' : conversion from 'float' to 'int', possible loss of data
     1>c:\users\asus\documents\codeblocks\игрушки\platformer\source.cpp(193): warning C4244: '=' : conversion from 'int' to 'float', possible loss of data
     1>c:\users\asus\documents\codeblocks\игрушки\platformer\source.cpp(219): warning C4244: 'argument' : conversion from 'const int' to 'float', possible loss of data
     1>c:\users\asus\documents\codeblocks\игрушки\platformer\source.cpp(263): warning C4244: 'argument' : conversion from 'int' to 'float', possible loss of data
     1>c:\users\asus\documents\codeblocks\игрушки\platformer\source.cpp(264): warning C4244: 'argument' : conversion from 'int' to 'float', possible loss of data
     1>c:\users\asus\documents\codeblocks\игрушки\platformer\source.cpp(265): warning C4244: 'argument' : conversion from 'int' to 'float', possible loss of data
     1>c:\users\asus\documents\codeblocks\игрушки\platformer\source.cpp(345): warning C4244: 'argument' : conversion from 'float' to 'int', possible loss of data
     1>c:\users\asus\documents\codeblocks\игрушки\platformer\source.cpp(354): warning C4018: '<' : signed/unsigned mismatch
     1>c:\users\asus\documents\codeblocks\игрушки\platformer\source.cpp(356): warning C4244: 'argument' : conversion from 'float' to 'int', possible loss of data
     1>c:\users\asus\documents\codeblocks\игрушки\platformer\source.cpp(361): warning C4244: 'initializing' : conversion from 'sf::Int64' to 'float', possible loss of data
     1>c:\users\asus\documents\codeblocks\игрушки\platformer\source.cpp(402): warning C4305: '=' : truncation from 'double' to 'float'
     1>c:\users\asus\documents\codeblocks\игрушки\platformer\source.cpp(410): warning C4305: '=' : truncation from 'double' to 'float'
     1>c:\users\asus\documents\codeblocks\игрушки\platformer\source.cpp(450): warning C4305: '=' : truncation from 'double' to 'float'
     1>c:\users\asus\documents\codeblocks\игрушки\platformer\source.cpp(457): warning C4018: '<' : signed/unsigned mismatch
     1>c:\users\asus\documents\codeblocks\игрушки\platformer\source.cpp(471): warning C4800: 'int' : forcing value to bool 'true' or 'false' (performance warning)
     1>c:\users\asus\documents\codeblocks\игрушки\platformer\source.cpp(485): warning C4800: 'int' : forcing value to bool 'true' or 'false' (performance warning)
     1>c:\users\asus\documents\codeblocks\игрушки\platformer\source.cpp(523): warning C4018: '<' : signed/unsigned mismatch
     1>c:\users\asus\documents\codeblocks\игрушки\platformer\source.cpp(541): warning C4244: '=' : conversion from 'float' to 'int', possible loss of data
     1>c:\users\asus\documents\codeblocks\игрушки\platformer\source.cpp(546): warning C4244: '=' : conversion from 'float' to 'int', possible loss of data
     1>c:\users\asus\documents\codeblocks\игрушки\platformer\source.cpp(549): warning C4244: 'argument' : conversion from 'int' to 'float', possible loss of data
     1>c:\users\asus\documents\codeblocks\игрушки\platformer\source.cpp(552): warning C4018: '<' : signed/unsigned mismatch
     1>c:\users\asus\documents\codeblocks\игрушки\platformer\source.cpp(576): warning C4244: 'argument' : conversion from 'float' to 'int', possible loss of data
     1>c:\users\asus\documents\codeblocks\игрушки\platformer\source.cpp(576): warning C4244: 'argument' : conversion from 'int' to 'float', possible loss of data
     1>c:\users\asus\documents\codeblocks\игрушки\platformer\source.cpp(585): warning C4018: '<' : signed/unsigned mismatch
     1>c:\users\asus\documents\codeblocks\игрушки\platformer\source.cpp(587): warning C4018: '<' : signed/unsigned mismatch
     1>c:\users\asus\documents\codeblocks\игрушки\platformer\source.cpp(591): warning C4244: 'initializing' : conversion from 'double' to 'int', possible loss of data
     1>c:\users\asus\documents\codeblocks\игрушки\platformer\source.cpp(592): warning C4244: 'argument' : conversion from 'float' to 'int', possible loss of data
     1>c:\users\asus\documents\codeblocks\игрушки\platformer\source.cpp(592): warning C4244: '=' : conversion from 'int' to 'float', possible loss of data
     1>c:\users\asus\documents\codeblocks\игрушки\platformer\source.cpp(606): warning C4305: '=' : truncation from 'double' to 'float'
     1>c:\users\asus\documents\codeblocks\игрушки\platformer\source.cpp(608): warning C4305: '=' : truncation from 'double' to 'float'
     1>c:\users\asus\documents\codeblocks\игрушки\platformer\source.cpp(609): warning C4305: '=' : truncation from 'double' to 'float'
     1>c:\users\asus\documents\codeblocks\игрушки\platformer\source.cpp(610): warning C4244: 'argument' : conversion from 'time_t' to 'unsigned int', possible loss of data
     1>c:\users\asus\documents\codeblocks\игрушки\platformer\source.cpp(611): warning C4244: 'initializing' : conversion from 'double' to 'int', possible loss of data
     1>c:\users\asus\documents\codeblocks\игрушки\platformer\source.cpp(614): warning C4244: 'argument' : conversion from 'float' to 'int', possible loss of data
     1>c:\users\asus\documents\codeblocks\игрушки\platformer\source.cpp(614): warning C4244: '=' : conversion from 'int' to 'float', possible loss of data
     1>c:\users\asus\documents\codeblocks\игрушки\platformer\source.cpp(649): warning C4018: '<' : signed/unsigned mismatch
     1>c:\users\asus\documents\codeblocks\игрушки\platformer\source.cpp(657): warning C4018: '<' : signed/unsigned mismatch
     1>c:\users\asus\documents\codeblocks\игрушки\platformer\source.cpp(662): warning C4018: '<' : signed/unsigned mismatch
     1>c:\users\asus\documents\codeblocks\игрушки\platformer\source.cpp(666): warning C4018: '<' : signed/unsigned mismatch
     1>c:\users\asus\documents\codeblocks\игрушки\platformer\level.h(312): warning C4715: 'Level::GetObject' : not all control paths return a value
       Link:
         C:\Program Files (x86)\Microsoft Visual Studio 11.0\VC\bin\link.exe /ERRORREPORT:PROMPT /OUT:"C:\Users\Asus\Documents\CodeBlocks\Игрушки\platformer\Debug\Platformer1.exe" /INCREMENTAL /NOLOGO /LIBPATH:"C:\Users\Asus\Documents\Sfml\SFML-2.1\lib" "sfml-graphics-s-d.lib" "sfml-window-s-d.lib" "sfml-system-s-d.lib" "sfml-audio-s-d.lib" kernel32.lib user32.lib gdi32.lib winspool.lib comdlg32.lib advapi32.lib shell32.lib ole32.lib oleaut32.lib uuid.lib odbc32.lib odbccp32.lib /MANIFEST /MANIFESTUAC:"level='asInvoker' uiAccess='false'" /manifest:embed /DEBUG /PDB:"C:\Users\Asus\Documents\CodeBlocks\Игрушки\platformer\Debug\Platformer1.pdb" /TLBID:1 /DYNAMICBASE /NXCOMPAT /IMPLIB:"C:\Users\Asus\Documents\CodeBlocks\Игрушки\platformer\Debug\Platformer1.lib" /MACHINE:X86 Debug\Source.obj
         Debug\tinystr.obj
         Debug\tinyxml.obj
         Debug\tinyxmlerror.obj
         Debug\tinyxmlparser.obj
     1>sfml-graphics-s-d.lib(Color.cpp.obj) : warning LNK4099: PDB 'sfml-graphics-s-d.pdb' was not found with 'sfml-graphics-s-d.lib(Color.cpp.obj)' or at 'C:\Users\Asus\Documents\CodeBlocks\╚уЁє°ъш\platformer\Debug\sfml-graphics-s-d.pdb'; linking object as if no debug info
     1>sfml-graphics-s-d.lib(Font.cpp.obj) : warning LNK4099: PDB 'sfml-graphics-s-d.pdb' was not found with 'sfml-graphics-s-d.lib(Font.cpp.obj)' or at 'C:\Users\Asus\Documents\CodeBlocks\╚уЁє°ъш\platformer\Debug\sfml-graphics-s-d.pdb'; linking object as if no debug info
     1>sfml-graphics-s-d.lib(GLCheck.cpp.obj) : warning LNK4099: PDB 'sfml-graphics-s-d.pdb' was not found with 'sfml-graphics-s-d.lib(GLCheck.cpp.obj)' or at 'C:\Users\Asus\Documents\CodeBlocks\╚уЁє°ъш\platformer\Debug\sfml-graphics-s-d.pdb'; linking object as if no debug info
     1>sfml-graphics-s-d.lib(Image.cpp.obj) : warning LNK4099: PDB 'sfml-graphics-s-d.pdb' was not found with 'sfml-graphics-s-d.lib(Image.cpp.obj)' or at 'C:\Users\Asus\Documents\CodeBlocks\╚уЁє°ъш\platformer\Debug\sfml-graphics-s-d.pdb'; linking object as if no debug info
     1>sfml-graphics-s-d.lib(ImageLoader.cpp.obj) : warning LNK4099: PDB 'sfml-graphics-s-d.pdb' was not found with 'sfml-graphics-s-d.lib(ImageLoader.cpp.obj)' or at 'C:\Users\Asus\Documents\CodeBlocks\╚уЁє°ъш\platformer\Debug\sfml-graphics-s-d.pdb'; linking object as if no debug info
     1>sfml-graphics-s-d.lib(RenderStates.cpp.obj) : warning LNK4099: PDB 'sfml-graphics-s-d.pdb' was not found with 'sfml-graphics-s-d.lib(RenderStates.cpp.obj)' or at 'C:\Users\Asus\Documents\CodeBlocks\╚уЁє°ъш\platformer\Debug\sfml-graphics-s-d.pdb'; linking object as if no debug info
     1>sfml-graphics-s-d.lib(RenderTarget.cpp.obj) : warning LNK4099: PDB 'sfml-graphics-s-d.pdb' was not found with 'sfml-graphics-s-d.lib(RenderTarget.cpp.obj)' or at 'C:\Users\Asus\Documents\CodeBlocks\╚уЁє°ъш\platformer\Debug\sfml-graphics-s-d.pdb'; linking object as if no debug info
     1>sfml-graphics-s-d.lib(RenderWindow.cpp.obj) : warning LNK4099: PDB 'sfml-graphics-s-d.pdb' was not found with 'sfml-graphics-s-d.lib(RenderWindow.cpp.obj)' or at 'C:\Users\Asus\Documents\CodeBlocks\╚уЁє°ъш\platformer\Debug\sfml-graphics-s-d.pdb'; linking object as if no debug info
     1>sfml-graphics-s-d.lib(Shader.cpp.obj) : warning LNK4099: PDB 'sfml-graphics-s-d.pdb' was not found with 'sfml-graphics-s-d.lib(Shader.cpp.obj)' or at 'C:\Users\Asus\Documents\CodeBlocks\╚уЁє°ъш\platformer\Debug\sfml-graphics-s-d.pdb'; linking object as if no debug info
     1>sfml-graphics-s-d.lib(Texture.cpp.obj) : warning LNK4099: PDB 'sfml-graphics-s-d.pdb' was not found with 'sfml-graphics-s-d.lib(Texture.cpp.obj)' or at 'C:\Users\Asus\Documents\CodeBlocks\╚уЁє°ъш\platformer\Debug\sfml-graphics-s-d.pdb'; linking object as if no debug info
     1>sfml-graphics-s-d.lib(TextureSaver.cpp.obj) : warning LNK4099: PDB 'sfml-graphics-s-d.pdb' was not found with 'sfml-graphics-s-d.lib(TextureSaver.cpp.obj)' or at 'C:\Users\Asus\Documents\CodeBlocks\╚уЁє°ъш\platformer\Debug\sfml-graphics-s-d.pdb'; linking object as if no debug info
     1>sfml-graphics-s-d.lib(Transform.cpp.obj) : warning LNK4099: PDB 'sfml-graphics-s-d.pdb' was not found with 'sfml-graphics-s-d.lib(Transform.cpp.obj)' or at 'C:\Users\Asus\Documents\CodeBlocks\╚уЁє°ъш\platformer\Debug\sfml-graphics-s-d.pdb'; linking object as if no debug info
     1>sfml-graphics-s-d.lib(Transformable.cpp.obj) : warning LNK4099: PDB 'sfml-graphics-s-d.pdb' was not found with 'sfml-graphics-s-d.lib(Transformable.cpp.obj)' or at 'C:\Users\Asus\Documents\CodeBlocks\╚уЁє°ъш\platformer\Debug\sfml-graphics-s-d.pdb'; linking object as if no debug info
     1>sfml-graphics-s-d.lib(View.cpp.obj) : warning LNK4099: PDB 'sfml-graphics-s-d.pdb' was not found with 'sfml-graphics-s-d.lib(View.cpp.obj)' or at 'C:\Users\Asus\Documents\CodeBlocks\╚уЁє°ъш\platformer\Debug\sfml-graphics-s-d.pdb'; linking object as if no debug info
     1>sfml-graphics-s-d.lib(Vertex.cpp.obj) : warning LNK4099: PDB 'sfml-graphics-s-d.pdb' was not found with 'sfml-graphics-s-d.lib(Vertex.cpp.obj)' or at 'C:\Users\Asus\Documents\CodeBlocks\╚уЁє°ъш\platformer\Debug\sfml-graphics-s-d.pdb'; linking object as if no debug info
     1>sfml-graphics-s-d.lib(Shape.cpp.obj) : warning LNK4099: PDB 'sfml-graphics-s-d.pdb' was not found with 'sfml-graphics-s-d.lib(Shape.cpp.obj)' or at 'C:\Users\Asus\Documents\CodeBlocks\╚уЁє°ъш\platformer\Debug\sfml-graphics-s-d.pdb'; linking object as if no debug info
     1>sfml-graphics-s-d.lib(RectangleShape.cpp.obj) : warning LNK4099: PDB 'sfml-graphics-s-d.pdb' was not found with 'sfml-graphics-s-d.lib(RectangleShape.cpp.obj)' or at 'C:\Users\Asus\Documents\CodeBlocks\╚уЁє°ъш\platformer\Debug\sfml-graphics-s-d.pdb'; linking object as if no debug info
     1>sfml-graphics-s-d.lib(Sprite.cpp.obj) : warning LNK4099: PDB 'sfml-graphics-s-d.pdb' was not found with 'sfml-graphics-s-d.lib(Sprite.cpp.obj)' or at 'C:\Users\Asus\Documents\CodeBlocks\╚уЁє°ъш\platformer\Debug\sfml-graphics-s-d.pdb'; linking object as if no debug info
     1>sfml-graphics-s-d.lib(Text.cpp.obj) : warning LNK4099: PDB 'sfml-graphics-s-d.pdb' was not found with 'sfml-graphics-s-d.lib(Text.cpp.obj)' or at 'C:\Users\Asus\Documents\CodeBlocks\╚уЁє°ъш\platformer\Debug\sfml-graphics-s-d.pdb'; linking object as if no debug info
     1>sfml-graphics-s-d.lib(VertexArray.cpp.obj) : warning LNK4099: PDB 'sfml-graphics-s-d.pdb' was not found with 'sfml-graphics-s-d.lib(VertexArray.cpp.obj)' or at 'C:\Users\Asus\Documents\CodeBlocks\╚уЁє°ъш\platformer\Debug\sfml-graphics-s-d.pdb'; linking object as if no debug info
     1>sfml-window-s-d.lib(GlContext.cpp.obj) : warning LNK4099: PDB 'sfml-window-s-d.pdb' was not found with 'sfml-window-s-d.lib(GlContext.cpp.obj)' or at 'C:\Users\Asus\Documents\CodeBlocks\╚уЁє°ъш\platformer\Debug\sfml-window-s-d.pdb'; linking object as if no debug info
     1>sfml-window-s-d.lib(GlResource.cpp.obj) : warning LNK4099: PDB 'sfml-window-s-d.pdb' was not found with 'sfml-window-s-d.lib(GlResource.cpp.obj)' or at 'C:\Users\Asus\Documents\CodeBlocks\╚уЁє°ъш\platformer\Debug\sfml-window-s-d.pdb'; linking object as if no debug info
     1>sfml-window-s-d.lib(JoystickManager.cpp.obj) : warning LNK4099: PDB 'sfml-window-s-d.pdb' was not found with 'sfml-window-s-d.lib(JoystickManager.cpp.obj)' or at 'C:\Users\Asus\Documents\CodeBlocks\╚уЁє°ъш\platformer\Debug\sfml-window-s-d.pdb'; linking object as if no debug info
     1>sfml-window-s-d.lib(Keyboard.cpp.obj) : warning LNK4099: PDB 'sfml-window-s-d.pdb' was not found with 'sfml-window-s-d.lib(Keyboard.cpp.obj)' or at 'C:\Users\Asus\Documents\CodeBlocks\╚уЁє°ъш\platformer\Debug\sfml-window-s-d.pdb'; linking object as if no debug info
     1>sfml-window-s-d.lib(Mouse.cpp.obj) : warning LNK4099: PDB 'sfml-window-s-d.pdb' was not found with 'sfml-window-s-d.lib(Mouse.cpp.obj)' or at 'C:\Users\Asus\Documents\CodeBlocks\╚уЁє°ъш\platformer\Debug\sfml-window-s-d.pdb'; linking object as if no debug info
     1>sfml-window-s-d.lib(VideoMode.cpp.obj) : warning LNK4099: PDB 'sfml-window-s-d.pdb' was not found with 'sfml-window-s-d.lib(VideoMode.cpp.obj)' or at 'C:\Users\Asus\Documents\CodeBlocks\╚уЁє°ъш\platformer\Debug\sfml-window-s-d.pdb'; linking object as if no debug info
     1>sfml-window-s-d.lib(Window.cpp.obj) : warning LNK4099: PDB 'sfml-window-s-d.pdb' was not found with 'sfml-window-s-d.lib(Window.cpp.obj)' or at 'C:\Users\Asus\Documents\CodeBlocks\╚уЁє°ъш\platformer\Debug\sfml-window-s-d.pdb'; linking object as if no debug info
     1>sfml-window-s-d.lib(WindowImpl.cpp.obj) : warning LNK4099: PDB 'sfml-window-s-d.pdb' was not found with 'sfml-window-s-d.lib(WindowImpl.cpp.obj)' or at 'C:\Users\Asus\Documents\CodeBlocks\╚уЁє°ъш\platformer\Debug\sfml-window-s-d.pdb'; linking object as if no debug info
     1>sfml-window-s-d.lib(WglContext.cpp.obj) : warning LNK4099: PDB 'sfml-window-s-d.pdb' was not found with 'sfml-window-s-d.lib(WglContext.cpp.obj)' or at 'C:\Users\Asus\Documents\CodeBlocks\╚уЁє°ъш\platformer\Debug\sfml-window-s-d.pdb'; linking object as if no debug info
     1>sfml-window-s-d.lib(InputImpl.cpp.obj) : warning LNK4099: PDB 'sfml-window-s-d.pdb' was not found with 'sfml-window-s-d.lib(InputImpl.cpp.obj)' or at 'C:\Users\Asus\Documents\CodeBlocks\╚уЁє°ъш\platformer\Debug\sfml-window-s-d.pdb'; linking object as if no debug info
     1>sfml-window-s-d.lib(JoystickImpl.cpp.obj) : warning LNK4099: PDB 'sfml-window-s-d.pdb' was not found with 'sfml-window-s-d.lib(JoystickImpl.cpp.obj)' or at 'C:\Users\Asus\Documents\CodeBlocks\╚уЁє°ъш\platformer\Debug\sfml-window-s-d.pdb'; linking object as if no debug info
     1>sfml-window-s-d.lib(VideoModeImpl.cpp.obj) : warning LNK4099: PDB 'sfml-window-s-d.pdb' was not found with 'sfml-window-s-d.lib(VideoModeImpl.cpp.obj)' or at 'C:\Users\Asus\Documents\CodeBlocks\╚уЁє°ъш\platformer\Debug\sfml-window-s-d.pdb'; linking object as if no debug info
     1>sfml-window-s-d.lib(WindowImplWin32.cpp.obj) : warning LNK4099: PDB 'sfml-window-s-d.pdb' was not found with 'sfml-window-s-d.lib(WindowImplWin32.cpp.obj)' or at 'C:\Users\Asus\Documents\CodeBlocks\╚уЁє°ъш\platformer\Debug\sfml-window-s-d.pdb'; linking object as if no debug info
     1>sfml-system-s-d.lib(Clock.cpp.obj) : warning LNK4099: PDB 'sfml-system-s-d.pdb' was not found with 'sfml-system-s-d.lib(Clock.cpp.obj)' or at 'C:\Users\Asus\Documents\CodeBlocks\╚уЁє°ъш\platformer\Debug\sfml-system-s-d.pdb'; linking object as if no debug info
     1>sfml-system-s-d.lib(Err.cpp.obj) : warning LNK4099: PDB 'sfml-system-s-d.pdb' was not found with 'sfml-system-s-d.lib(Err.cpp.obj)' or at 'C:\Users\Asus\Documents\CodeBlocks\╚уЁє°ъш\platformer\Debug\sfml-system-s-d.pdb'; linking object as if no debug info
     1>sfml-system-s-d.lib(Lock.cpp.obj) : warning LNK4099: PDB 'sfml-system-s-d.pdb' was not found with 'sfml-system-s-d.lib(Lock.cpp.obj)' or at 'C:\Users\Asus\Documents\CodeBlocks\╚уЁє°ъш\platformer\Debug\sfml-system-s-d.pdb'; linking object as if no debug info
     1>sfml-system-s-d.lib(Mutex.cpp.obj) : warning LNK4099: PDB 'sfml-system-s-d.pdb' was not found with 'sfml-system-s-d.lib(Mutex.cpp.obj)' or at 'C:\Users\Asus\Documents\CodeBlocks\╚уЁє°ъш\platformer\Debug\sfml-system-s-d.pdb'; linking object as if no debug info
     1>sfml-system-s-d.lib(Sleep.cpp.obj) : warning LNK4099: PDB 'sfml-system-s-d.pdb' was not found with 'sfml-system-s-d.lib(Sleep.cpp.obj)' or at 'C:\Users\Asus\Documents\CodeBlocks\╚уЁє°ъш\platformer\Debug\sfml-system-s-d.pdb'; linking object as if no debug info
     1>sfml-system-s-d.lib(String.cpp.obj) : warning LNK4099: PDB 'sfml-system-s-d.pdb' was not found with 'sfml-system-s-d.lib(String.cpp.obj)' or at 'C:\Users\Asus\Documents\CodeBlocks\╚уЁє°ъш\platformer\Debug\sfml-system-s-d.pdb'; linking object as if no debug info
     1>sfml-system-s-d.lib(ThreadLocal.cpp.obj) : warning LNK4099: PDB 'sfml-system-s-d.pdb' was not found with 'sfml-system-s-d.lib(ThreadLocal.cpp.obj)' or at 'C:\Users\Asus\Documents\CodeBlocks\╚уЁє°ъш\platformer\Debug\sfml-system-s-d.pdb'; linking object as if no debug info
     1>sfml-system-s-d.lib(Time.cpp.obj) : warning LNK4099: PDB 'sfml-system-s-d.pdb' was not found with 'sfml-system-s-d.lib(Time.cpp.obj)' or at 'C:\Users\Asus\Documents\CodeBlocks\╚уЁє°ъш\platformer\Debug\sfml-system-s-d.pdb'; linking object as if no debug info
     1>sfml-system-s-d.lib(ClockImpl.cpp.obj) : warning LNK4099: PDB 'sfml-system-s-d.pdb' was not found with 'sfml-system-s-d.lib(ClockImpl.cpp.obj)' or at 'C:\Users\Asus\Documents\CodeBlocks\╚уЁє°ъш\platformer\Debug\sfml-system-s-d.pdb'; linking object as if no debug info
     1>sfml-system-s-d.lib(MutexImpl.cpp.obj) : warning LNK4099: PDB 'sfml-system-s-d.pdb' was not found with 'sfml-system-s-d.lib(MutexImpl.cpp.obj)' or at 'C:\Users\Asus\Documents\CodeBlocks\╚уЁє°ъш\platformer\Debug\sfml-system-s-d.pdb'; linking object as if no debug info
     1>sfml-system-s-d.lib(SleepImpl.cpp.obj) : warning LNK4099: PDB 'sfml-system-s-d.pdb' was not found with 'sfml-system-s-d.lib(SleepImpl.cpp.obj)' or at 'C:\Users\Asus\Documents\CodeBlocks\╚уЁє°ъш\platformer\Debug\sfml-system-s-d.pdb'; linking object as if no debug info
     1>sfml-system-s-d.lib(ThreadLocalImpl.cpp.obj) : warning LNK4099: PDB 'sfml-system-s-d.pdb' was not found with 'sfml-system-s-d.lib(ThreadLocalImpl.cpp.obj)' or at 'C:\Users\Asus\Documents\CodeBlocks\╚уЁє°ъш\platformer\Debug\sfml-system-s-d.pdb'; linking object as if no debug info
         Platformer1.vcxproj -> C:\Users\Asus\Documents\CodeBlocks\Игрушки\platformer\Debug\Platformer1.exe
     1>Done Building Project "C:\Users\Asus\Documents\CodeBlocks\Игрушки\platformer\Platformer1.vcxproj" (Build target(s)).

Build succeeded.

Time Elapsed 00:00:08.95
