Build started 24.04.2014 13:20:07.
     1>Project "C:\Users\Asus\Documents\CodeBlocks\Игрушки\platformer\Platformer1.vcxproj" on node 2 (Build target(s)).
     1>ClCompile:
         C:\Program Files (x86)\Microsoft Visual Studio 11.0\VC\bin\CL.exe /c /I"C:\Users\Asus\Documents\Sfml\SFML-2.1\include" /Zi /nologo /W3 /WX- /O2 /Oi /Oy- /GL /D SFML_STATIC /D _MBCS /Gm- /EHsc /MD /GS /Gy /fp:precise /Zc:wchar_t /Zc:forScope /Fo"Release\\" /Fd"Release\vc110.pdb" /Gd /TP /analyze- /errorReport:prompt Source.cpp
         Source.cpp
     1>c:\users\asus\documents\codeblocks\игрушки\platformer\anim.h(37): warning C4244: 'initializing' : conversion from 'float' to 'int', possible loss of data
     1>c:\users\asus\documents\codeblocks\игрушки\platformer\anim.h(69): warning C4244: 'argument' : conversion from 'int' to 'float', possible loss of data
     1>c:\users\asus\documents\codeblocks\игрушки\platformer\anim.h(98): warning C4244: '=' : conversion from 'double' to 'float', possible loss of data
     1>c:\users\asus\documents\codeblocks\игрушки\platformer\anim.h(114): warning C4244: 'argument' : conversion from 'int' to 'float', possible loss of data
     1>c:\users\asus\documents\codeblocks\игрушки\platformer\anim.h(130): warning C4244: 'argument' : conversion from 'int' to 'float', possible loss of data
     1>c:\users\asus\documents\codeblocks\игрушки\platformer\anim.h(155): warning C4244: 'return' : conversion from 'int' to 'float', possible loss of data
     1>c:\users\asus\documents\codeblocks\игрушки\platformer\anim.h(157): warning C4244: 'return' : conversion from 'int' to 'float', possible loss of data
     1>c:\users\asus\documents\codeblocks\игрушки\platformer\level.h(60): warning C4244: 'return' : conversion from 'double' to 'float', possible loss of data
     1>c:\users\asus\documents\codeblocks\игрушки\platformer\level.h(144): warning C4244: 'initializing' : conversion from 'double' to 'float', possible loss of data
     1>c:\users\asus\documents\codeblocks\игрушки\platformer\level.h(145): warning C4244: '=' : conversion from 'float' to 'int', possible loss of data
     1>c:\users\asus\documents\codeblocks\игрушки\platformer\level.h(185): warning C4244: 'argument' : conversion from 'int' to 'float', possible loss of data
     1>c:\users\asus\documents\codeblocks\игрушки\platformer\level.h(242): warning C4244: 'argument' : conversion from 'int' to 'float', possible loss of data
     1>c:\users\asus\documents\codeblocks\игрушки\platformer\level.h(263): warning C4244: '=' : conversion from 'int' to 'float', possible loss of data
     1>c:\users\asus\documents\codeblocks\игрушки\platformer\level.h(264): warning C4244: '=' : conversion from 'int' to 'float', possible loss of data
     1>c:\users\asus\documents\codeblocks\игрушки\platformer\level.h(265): warning C4244: '=' : conversion from 'int' to 'float', possible loss of data
     1>c:\users\asus\documents\codeblocks\игрушки\platformer\level.h(266): warning C4244: '=' : conversion from 'int' to 'float', possible loss of data
     1>c:\users\asus\documents\codeblocks\игрушки\platformer\level.h(309): warning C4018: '<' : signed/unsigned mismatch
     1>c:\users\asus\documents\codeblocks\игрушки\platformer\level.h(318): warning C4018: '<' : signed/unsigned mismatch
     1>c:\users\asus\documents\codeblocks\игрушки\platformer\level.h(340): warning C4018: '<' : signed/unsigned mismatch
     1>c:\users\asus\documents\codeblocks\игрушки\platformer\level.h(341): warning C4018: '<' : signed/unsigned mismatch
     1>c:\users\asus\documents\codeblocks\игрушки\platformer\Enemes.h(26): warning C4305: '=' : truncation from 'double' to 'float'
     1>c:\users\asus\documents\codeblocks\игрушки\platformer\Enemes.h(27): warning C4244: '=' : conversion from 'int' to 'float', possible loss of data
     1>c:\users\asus\documents\codeblocks\игрушки\platformer\Enemes.h(28): warning C4244: '=' : conversion from 'int' to 'float', possible loss of data
     1>c:\users\asus\documents\codeblocks\игрушки\platformer\Enemes.h(30): warning C4244: '=' : conversion from 'int' to 'float', possible loss of data
     1>c:\users\asus\documents\codeblocks\игрушки\platformer\Enemes.h(61): warning C4244: 'argument' : conversion from 'int' to 'float', possible loss of data
     1>c:\users\asus\documents\codeblocks\игрушки\platformer\Enemes.h(66): warning C4018: '<' : signed/unsigned mismatch
     1>c:\users\asus\documents\codeblocks\игрушки\platformer\Enemes.h(67): warning C4244: 'argument' : conversion from 'int' to 'float', possible loss of data
     1>c:\users\asus\documents\codeblocks\игрушки\platformer\Stat.h(83): warning C4244: '=' : conversion from 'int' to 'float', possible loss of data
     1>c:\users\asus\documents\codeblocks\игрушки\platformer\Stat.h(98): warning C4244: '+=' : conversion from 'double' to 'float', possible loss of data
     1>c:\users\asus\documents\codeblocks\игрушки\platformer\Stat.h(107): warning C4244: '+=' : conversion from 'double' to 'float', possible loss of data
     1>c:\users\asus\documents\codeblocks\игрушки\platformer\Stat.h(110): warning C4244: '=' : conversion from 'int' to 'float', possible loss of data
     1>c:\users\asus\documents\codeblocks\игрушки\platformer\Stat.h(112): warning C4018: '<' : signed/unsigned mismatch
     1>c:\users\asus\documents\codeblocks\игрушки\platformer\Stat.h(118): warning C4305: '-=' : truncation from 'double' to 'float'
     1>c:\users\asus\documents\codeblocks\игрушки\platformer\Stat.h(119): warning C4305: '-=' : truncation from 'double' to 'float'
     1>c:\users\asus\documents\codeblocks\игрушки\platformer\Stat.h(138): warning C4244: 'argument' : conversion from 'int' to 'float', possible loss of data
     1>c:\users\asus\documents\codeblocks\игрушки\platformer\Stat.h(139): warning C4244: 'argument' : conversion from 'int' to 'float', possible loss of data
     1>c:\users\asus\documents\codeblocks\игрушки\platformer\Stat.h(146): warning C4244: 'argument' : conversion from 'int' to 'float', possible loss of data
     1>c:\users\asus\documents\codeblocks\игрушки\platformer\Stat.h(147): warning C4244: 'argument' : conversion from 'int' to 'float', possible loss of data
     1>c:\users\asus\documents\codeblocks\игрушки\platformer\Stat.h(148): warning C4244: 'argument' : conversion from 'int' to 'float', possible loss of data
     1>c:\users\asus\documents\codeblocks\игрушки\platformer\Stat.h(149): warning C4244: 'argument' : conversion from 'int' to 'float', possible loss of data
     1>c:\users\asus\documents\codeblocks\игрушки\platformer\Stat.h(162): warning C4244: 'argument' : conversion from 'int' to 'float', possible loss of data
     1>c:\users\asus\documents\codeblocks\игрушки\platformer\Stat.h(162): warning C4244: 'argument' : conversion from 'size_t' to 'float', possible loss of data
     1>c:\users\asus\documents\codeblocks\игрушки\platformer\Stat.h(165): warning C4244: 'argument' : conversion from 'float' to 'int', possible loss of data
     1>c:\users\asus\documents\codeblocks\игрушки\platformer\Stat.h(166): warning C4244: 'argument' : conversion from 'float' to 'int', possible loss of data
     1>c:\users\asus\documents\codeblocks\игрушки\platformer\Stat.h(168): warning C4244: 'argument' : conversion from 'int' to 'float', possible loss of data
     1>c:\users\asus\documents\codeblocks\игрушки\platformer\Stat.h(168): warning C4244: 'argument' : conversion from 'size_t' to 'float', possible loss of data
     1>c:\users\asus\documents\codeblocks\игрушки\platformer\Stat.h(175): warning C4244: 'argument' : conversion from 'int' to 'float', possible loss of data
     1>c:\users\asus\documents\codeblocks\игрушки\platformer\Stat.h(176): warning C4244: 'argument' : conversion from 'int' to 'float', possible loss of data
     1>c:\users\asus\documents\codeblocks\игрушки\platformer\Stat.h(187): warning C4244: 'argument' : conversion from 'int' to 'float', possible loss of data
     1>c:\users\asus\documents\codeblocks\игрушки\platformer\Stat.h(188): warning C4244: 'argument' : conversion from 'int' to 'float', possible loss of data
     1>c:\users\asus\documents\codeblocks\игрушки\platformer\Stat.h(189): warning C4244: 'argument' : conversion from 'int' to 'float', possible loss of data
     1>c:\users\asus\documents\codeblocks\игрушки\platformer\Stat.h(190): warning C4244: 'argument' : conversion from 'int' to 'float', possible loss of data
     1>c:\users\asus\documents\codeblocks\игрушки\platformer\Stat.h(203): warning C4244: 'argument' : conversion from 'float' to 'int', possible loss of data
     1>c:\users\asus\documents\codeblocks\игрушки\platformer\Stat.h(204): warning C4244: 'argument' : conversion from 'float' to 'int', possible loss of data
     1>c:\users\asus\documents\codeblocks\игрушки\platformer\Stat.h(209): warning C4244: 'argument' : conversion from 'int' to 'float', possible loss of data
     1>c:\users\asus\documents\codeblocks\игрушки\platformer\Stat.h(209): warning C4244: 'argument' : conversion from 'size_t' to 'float', possible loss of data
     1>c:\users\asus\documents\codeblocks\игрушки\platformer\Stat.h(221): warning C4018: '<' : signed/unsigned mismatch
     1>c:\users\asus\documents\codeblocks\игрушки\platformer\Stat.h(236): warning C4244: 'argument' : conversion from 'float' to 'unsigned int', possible loss of data
     1>c:\users\asus\documents\codeblocks\игрушки\platformer\Stat.h(237): warning C4244: 'argument' : conversion from 'int' to 'float', possible loss of data
     1>c:\users\asus\documents\codeblocks\игрушки\platformer\Stat.h(248): warning C4244: 'argument' : conversion from 'int' to 'float', possible loss of data
     1>c:\users\asus\documents\codeblocks\игрушки\platformer\Stat.h(248): warning C4244: 'argument' : conversion from 'size_t' to 'float', possible loss of data
     1>c:\users\asus\documents\codeblocks\игрушки\platformer\Stat.h(259): warning C4244: 'argument' : conversion from 'int' to 'float', possible loss of data
     1>c:\users\asus\documents\codeblocks\игрушки\platformer\Stat.h(260): warning C4244: 'argument' : conversion from 'int' to 'float', possible loss of data
     1>c:\users\asus\documents\codeblocks\игрушки\platformer\Stat.h(267): warning C4244: 'argument' : conversion from 'int' to 'float', possible loss of data
     1>c:\users\asus\documents\codeblocks\игрушки\platformer\Stat.h(267): warning C4244: 'argument' : conversion from 'size_t' to 'float', possible loss of data
     1>c:\users\asus\documents\codeblocks\игрушки\platformer\Stat.h(273): warning C4244: 'argument' : conversion from 'float' to 'sf::Uint8', possible loss of data
     1>c:\users\asus\documents\codeblocks\игрушки\platformer\Stat.h(274): warning C4244: 'argument' : conversion from 'int' to 'float', possible loss of data
     1>c:\users\asus\documents\codeblocks\игрушки\platformer\Draw_text.h(71): warning C4018: '<' : signed/unsigned mismatch
     1>c:\users\asus\documents\codeblocks\игрушки\platformer\Draw_text.h(74): warning C4244: 'argument' : conversion from 'int' to 'float', possible loss of data
     1>c:\users\asus\documents\codeblocks\игрушки\platformer\bullet.h(22): warning C4244: '=' : conversion from 'int' to 'float', possible loss of data
     1>c:\users\asus\documents\codeblocks\игрушки\platformer\bullet.h(23): warning C4244: '=' : conversion from 'int' to 'float', possible loss of data
     1>c:\users\asus\documents\codeblocks\игрушки\platformer\bullet.h(36): warning C4244: 'initializing' : conversion from 'float' to 'int', possible loss of data
     1>c:\users\asus\documents\codeblocks\игрушки\platformer\bullet.h(37): warning C4244: '+=' : conversion from 'double' to 'float', possible loss of data
     1>c:\users\asus\documents\codeblocks\игрушки\platformer\bullet.h(38): warning C4244: '=' : conversion from 'float' to 'int', possible loss of data
     1>c:\users\asus\documents\codeblocks\игрушки\platformer\bullet.h(44): warning C4018: '<' : signed/unsigned mismatch
     1>c:\users\asus\documents\codeblocks\игрушки\platformer\bullet.h(54): warning C4244: 'argument' : conversion from 'float' to 'int', possible loss of data
     1>Source.cpp(73): warning C4244: '=' : conversion from 'int' to 'float', possible loss of data
     1>Source.cpp(74): warning C4244: '=' : conversion from 'int' to 'float', possible loss of data
     1>Source.cpp(89): warning C4244: '+=' : conversion from 'const double' to 'float', possible loss of data
     1>Source.cpp(93): warning C4244: '+=' : conversion from 'const double' to 'float', possible loss of data
     1>Source.cpp(100): warning C4244: '-=' : conversion from 'const double' to 'float', possible loss of data
     1>Source.cpp(103): warning C4244: '+=' : conversion from 'const double' to 'float', possible loss of data
     1>Source.cpp(108): warning C4244: '=' : conversion from 'const double' to 'float', possible loss of data
     1>Source.cpp(123): warning C4305: '=' : truncation from 'double' to 'float'
     1>Source.cpp(125): warning C4305: '=' : truncation from 'double' to 'float'
     1>Source.cpp(136): warning C4244: 'argument' : conversion from 'int' to 'float', possible loss of data
     1>Source.cpp(141): warning C4018: '<' : signed/unsigned mismatch
     1>Source.cpp(142): warning C4244: 'argument' : conversion from 'int' to 'float', possible loss of data
     1>Source.cpp(180): warning C4244: 'initializing' : conversion from 'float' to 'int', possible loss of data
     1>Source.cpp(183): warning C4244: '=' : conversion from 'int' to 'float', possible loss of data
     1>Source.cpp(227): warning C4244: 'argument' : conversion from 'const int' to 'float', possible loss of data
     1>Source.cpp(265): warning C4244: 'argument' : conversion from 'int' to 'float', possible loss of data
     1>Source.cpp(266): warning C4244: 'argument' : conversion from 'int' to 'float', possible loss of data
     1>Source.cpp(335): warning C4244: 'argument' : conversion from 'float' to 'int', possible loss of data
     1>Source.cpp(343): warning C4018: '<' : signed/unsigned mismatch
     1>Source.cpp(345): warning C4244: 'argument' : conversion from 'float' to 'int', possible loss of data
     1>Source.cpp(350): warning C4244: 'initializing' : conversion from 'sf::Int64' to 'float', possible loss of data
     1>Source.cpp(390): warning C4305: '=' : truncation from 'double' to 'float'
     1>Source.cpp(398): warning C4305: '=' : truncation from 'double' to 'float'
     1>Source.cpp(455): warning C4305: '=' : truncation from 'double' to 'float'
     1>Source.cpp(466): warning C4244: '=' : conversion from 'float' to 'int', possible loss of data
     1>Source.cpp(471): warning C4244: '=' : conversion from 'float' to 'int', possible loss of data
     1>Source.cpp(474): warning C4244: 'argument' : conversion from 'int' to 'float', possible loss of data
     1>Source.cpp(477): warning C4018: '<' : signed/unsigned mismatch
     1>Source.cpp(499): warning C4244: 'argument' : conversion from 'float' to 'int', possible loss of data
     1>Source.cpp(499): warning C4244: 'argument' : conversion from 'int' to 'float', possible loss of data
     1>Source.cpp(507): warning C4018: '<' : signed/unsigned mismatch
     1>Source.cpp(516): warning C4018: '<' : signed/unsigned mismatch
     1>Source.cpp(520): warning C4244: 'initializing' : conversion from 'double' to 'int', possible loss of data
     1>Source.cpp(521): warning C4244: 'argument' : conversion from 'float' to 'int', possible loss of data
     1>Source.cpp(521): warning C4244: '=' : conversion from 'int' to 'float', possible loss of data
     1>Source.cpp(537): warning C4244: 'initializing' : conversion from 'double' to 'int', possible loss of data
     1>Source.cpp(538): warning C4244: 'argument' : conversion from 'float' to 'int', possible loss of data
     1>Source.cpp(538): warning C4244: '=' : conversion from 'int' to 'float', possible loss of data
     1>Source.cpp(550): warning C4305: '=' : truncation from 'double' to 'float'
     1>Source.cpp(552): warning C4305: '=' : truncation from 'double' to 'float'
     1>Source.cpp(553): warning C4305: '=' : truncation from 'double' to 'float'
     1>Source.cpp(554): warning C4244: 'argument' : conversion from 'time_t' to 'unsigned int', possible loss of data
     1>Source.cpp(555): warning C4244: 'initializing' : conversion from 'double' to 'int', possible loss of data
     1>Source.cpp(584): warning C4018: '<' : signed/unsigned mismatch
     1>Source.cpp(589): warning C4018: '<' : signed/unsigned mismatch
     1>Source.cpp(593): warning C4018: '<' : signed/unsigned mismatch
       Link:
         C:\Program Files (x86)\Microsoft Visual Studio 11.0\VC\bin\link.exe /ERRORREPORT:PROMPT /OUT:"C:\Users\Asus\Documents\CodeBlocks\Игрушки\platformer\Release\Platformer1.exe" /NOLOGO /LIBPATH:"C:\Users\Asus\Documents\Sfml\SFML-2.1\lib" "sfml-graphics-s.lib" "sfml-window-s.lib" "sfml-system-s.lib" "sfml-audio-s.lib" kernel32.lib user32.lib gdi32.lib winspool.lib comdlg32.lib advapi32.lib shell32.lib ole32.lib oleaut32.lib uuid.lib odbc32.lib odbccp32.lib /MANIFEST /MANIFESTUAC:"level='asInvoker' uiAccess='false'" /manifest:embed /DEBUG /PDB:"C:\Users\Asus\Documents\CodeBlocks\Игрушки\platformer\Release\Platformer1.pdb" /OPT:REF /OPT:ICF /LTCG /TLBID:1 /DYNAMICBASE /NXCOMPAT /IMPLIB:"C:\Users\Asus\Documents\CodeBlocks\Игрушки\platformer\Release\Platformer1.lib" /MACHINE:X86 /SAFESEH Release\Source.obj
         Release\tinystr.obj
         Release\tinyxml.obj
         Release\tinyxmlerror.obj
         Release\tinyxmlparser.obj
         Generating code
     1>c:\users\asus\documents\codeblocks\игрушки\platformer\level.h(312): warning C4715: 'Level::GetObject' : not all control paths return a value
         Finished generating code
         Platformer1.vcxproj -> C:\Users\Asus\Documents\CodeBlocks\Игрушки\platformer\Release\Platformer1.exe
     1>Done Building Project "C:\Users\Asus\Documents\CodeBlocks\Игрушки\platformer\Platformer1.vcxproj" (Build target(s)).

Build succeeded.

Time Elapsed 00:00:02.58
