Build started 19.03.2014 18:32:53.
     1>Project "C:\Users\Asus\Documents\CodeBlocks\Игрушки\Platformer1\Platformer1.vcxproj" on node 2 (Build target(s)).
     1>ClCompile:
         C:\Program Files (x86)\Microsoft Visual Studio 11.0\VC\bin\CL.exe /c /I"C:\Users\Asus\Documents\Sfml\SFML-2.1\include" /Zi /nologo /W3 /WX- /O2 /Oi /Oy- /GL /D SFML_STATIC /D _MBCS /Gm- /EHsc /MD /GS /Gy /fp:precise /Zc:wchar_t /Zc:forScope /Fo"Release\\" /Fd"Release\vc110.pdb" /Gd /TP /analyze- /errorReport:prompt Source.cpp
         Source.cpp
     1>c:\users\asus\documents\codeblocks\игрушки\platformer1\anim.h(32): warning C4244: 'initializing' : conversion from 'float' to 'int', possible loss of data
     1>c:\users\asus\documents\codeblocks\игрушки\platformer1\anim.h(61): warning C4244: 'argument' : conversion from 'int' to 'float', possible loss of data
     1>c:\users\asus\documents\codeblocks\игрушки\platformer1\anim.h(90): warning C4244: '=' : conversion from 'double' to 'float', possible loss of data
     1>c:\users\asus\documents\codeblocks\игрушки\platformer1\anim.h(106): warning C4244: 'argument' : conversion from 'int' to 'float', possible loss of data
     1>c:\users\asus\documents\codeblocks\игрушки\platformer1\anim.h(121): warning C4244: 'argument' : conversion from 'int' to 'float', possible loss of data
     1>c:\users\asus\documents\codeblocks\игрушки\platformer1\anim.h(137): warning C4244: 'return' : conversion from 'int' to 'float', possible loss of data
     1>c:\users\asus\documents\codeblocks\игрушки\platformer1\anim.h(139): warning C4244: 'return' : conversion from 'int' to 'float', possible loss of data
     1>c:\users\asus\documents\codeblocks\игрушки\platformer1\level.h(60): warning C4244: 'return' : conversion from 'double' to 'float', possible loss of data
     1>c:\users\asus\documents\codeblocks\игрушки\platformer1\level.h(144): warning C4244: 'initializing' : conversion from 'double' to 'float', possible loss of data
     1>c:\users\asus\documents\codeblocks\игрушки\platformer1\level.h(145): warning C4244: '=' : conversion from 'float' to 'int', possible loss of data
     1>c:\users\asus\documents\codeblocks\игрушки\platformer1\level.h(185): warning C4244: 'argument' : conversion from 'int' to 'float', possible loss of data
     1>c:\users\asus\documents\codeblocks\игрушки\platformer1\level.h(242): warning C4244: 'argument' : conversion from 'int' to 'float', possible loss of data
     1>c:\users\asus\documents\codeblocks\игрушки\platformer1\level.h(263): warning C4244: '=' : conversion from 'int' to 'float', possible loss of data
     1>c:\users\asus\documents\codeblocks\игрушки\platformer1\level.h(264): warning C4244: '=' : conversion from 'int' to 'float', possible loss of data
     1>c:\users\asus\documents\codeblocks\игрушки\platformer1\level.h(265): warning C4244: '=' : conversion from 'int' to 'float', possible loss of data
     1>c:\users\asus\documents\codeblocks\игрушки\platformer1\level.h(266): warning C4244: '=' : conversion from 'int' to 'float', possible loss of data
     1>c:\users\asus\documents\codeblocks\игрушки\platformer1\level.h(309): warning C4018: '<' : signed/unsigned mismatch
     1>c:\users\asus\documents\codeblocks\игрушки\platformer1\level.h(318): warning C4018: '<' : signed/unsigned mismatch
     1>c:\users\asus\documents\codeblocks\игрушки\platformer1\level.h(340): warning C4018: '<' : signed/unsigned mismatch
     1>c:\users\asus\documents\codeblocks\игрушки\platformer1\level.h(341): warning C4018: '<' : signed/unsigned mismatch
     1>c:\users\asus\documents\codeblocks\игрушки\platformer1\Enemes.h(22): warning C4305: '=' : truncation from 'double' to 'float'
     1>c:\users\asus\documents\codeblocks\игрушки\platformer1\Enemes.h(23): warning C4244: '=' : conversion from 'int' to 'float', possible loss of data
     1>c:\users\asus\documents\codeblocks\игрушки\platformer1\Enemes.h(24): warning C4244: '=' : conversion from 'int' to 'float', possible loss of data
     1>c:\users\asus\documents\codeblocks\игрушки\platformer1\Enemes.h(50): warning C4244: 'argument' : conversion from 'int' to 'float', possible loss of data
     1>c:\users\asus\documents\codeblocks\игрушки\platformer1\Enemes.h(55): warning C4018: '<' : signed/unsigned mismatch
     1>c:\users\asus\documents\codeblocks\игрушки\platformer1\Enemes.h(56): warning C4244: 'argument' : conversion from 'int' to 'float', possible loss of data
     1>c:\users\asus\documents\codeblocks\игрушки\platformer1\Stat.h(48): warning C4244: '=' : conversion from 'int' to 'float', possible loss of data
     1>c:\users\asus\documents\codeblocks\игрушки\platformer1\Stat.h(63): warning C4244: '+=' : conversion from 'double' to 'float', possible loss of data
     1>c:\users\asus\documents\codeblocks\игрушки\platformer1\Stat.h(66): warning C4244: '=' : conversion from 'int' to 'float', possible loss of data
     1>c:\users\asus\documents\codeblocks\игрушки\platformer1\Stat.h(68): warning C4018: '<' : signed/unsigned mismatch
     1>c:\users\asus\documents\codeblocks\игрушки\platformer1\Stat.h(74): warning C4305: '-=' : truncation from 'double' to 'float'
     1>c:\users\asus\documents\codeblocks\игрушки\platformer1\Stat.h(75): warning C4305: '-=' : truncation from 'double' to 'float'
     1>c:\users\asus\documents\codeblocks\игрушки\platformer1\Stat.h(94): warning C4244: 'argument' : conversion from 'int' to 'float', possible loss of data
     1>c:\users\asus\documents\codeblocks\игрушки\platformer1\Stat.h(95): warning C4244: 'argument' : conversion from 'int' to 'float', possible loss of data
     1>c:\users\asus\documents\codeblocks\игрушки\platformer1\Stat.h(102): warning C4244: 'argument' : conversion from 'int' to 'float', possible loss of data
     1>c:\users\asus\documents\codeblocks\игрушки\platformer1\Stat.h(103): warning C4244: 'argument' : conversion from 'int' to 'float', possible loss of data
     1>c:\users\asus\documents\codeblocks\игрушки\platformer1\Stat.h(104): warning C4244: 'argument' : conversion from 'int' to 'float', possible loss of data
     1>c:\users\asus\documents\codeblocks\игрушки\platformer1\Stat.h(105): warning C4244: 'argument' : conversion from 'int' to 'float', possible loss of data
     1>c:\users\asus\documents\codeblocks\игрушки\platformer1\Stat.h(118): warning C4244: 'argument' : conversion from 'int' to 'float', possible loss of data
     1>c:\users\asus\documents\codeblocks\игрушки\platformer1\Stat.h(118): warning C4244: 'argument' : conversion from 'size_t' to 'float', possible loss of data
     1>c:\users\asus\documents\codeblocks\игрушки\platformer1\Stat.h(121): warning C4244: 'argument' : conversion from 'float' to 'int', possible loss of data
     1>c:\users\asus\documents\codeblocks\игрушки\platformer1\Stat.h(122): warning C4244: 'argument' : conversion from 'float' to 'int', possible loss of data
     1>c:\users\asus\documents\codeblocks\игрушки\platformer1\Stat.h(124): warning C4244: 'argument' : conversion from 'int' to 'float', possible loss of data
     1>c:\users\asus\documents\codeblocks\игрушки\platformer1\Stat.h(124): warning C4244: 'argument' : conversion from 'size_t' to 'float', possible loss of data
     1>c:\users\asus\documents\codeblocks\игрушки\platformer1\Stat.h(129): warning C4018: '<' : signed/unsigned mismatch
     1>c:\users\asus\documents\codeblocks\игрушки\platformer1\Stat.h(144): warning C4244: 'argument' : conversion from 'float' to 'unsigned int', possible loss of data
     1>c:\users\asus\documents\codeblocks\игрушки\platformer1\Stat.h(145): warning C4244: 'argument' : conversion from 'int' to 'float', possible loss of data
     1>c:\users\asus\documents\codeblocks\игрушки\platformer1\Stat.h(156): warning C4244: 'argument' : conversion from 'int' to 'float', possible loss of data
     1>c:\users\asus\documents\codeblocks\игрушки\platformer1\Stat.h(156): warning C4244: 'argument' : conversion from 'size_t' to 'float', possible loss of data
     1>c:\users\asus\documents\codeblocks\игрушки\platformer1\Draw_text.h(71): warning C4018: '<' : signed/unsigned mismatch
     1>c:\users\asus\documents\codeblocks\игрушки\platformer1\Draw_text.h(74): warning C4244: 'argument' : conversion from 'int' to 'float', possible loss of data
     1>c:\users\asus\documents\codeblocks\игрушки\platformer1\bullet.h(22): warning C4244: '=' : conversion from 'int' to 'float', possible loss of data
     1>c:\users\asus\documents\codeblocks\игрушки\platformer1\bullet.h(23): warning C4244: '=' : conversion from 'int' to 'float', possible loss of data
     1>c:\users\asus\documents\codeblocks\игрушки\platformer1\bullet.h(36): warning C4244: 'initializing' : conversion from 'float' to 'int', possible loss of data
     1>c:\users\asus\documents\codeblocks\игрушки\platformer1\bullet.h(37): warning C4244: '+=' : conversion from 'double' to 'float', possible loss of data
     1>c:\users\asus\documents\codeblocks\игрушки\platformer1\bullet.h(38): warning C4244: '=' : conversion from 'float' to 'int', possible loss of data
     1>c:\users\asus\documents\codeblocks\игрушки\platformer1\bullet.h(44): warning C4018: '<' : signed/unsigned mismatch
     1>c:\users\asus\documents\codeblocks\игрушки\platformer1\bullet.h(54): warning C4244: 'argument' : conversion from 'float' to 'int', possible loss of data
     1>Source.cpp(65): warning C4244: '=' : conversion from 'int' to 'float', possible loss of data
     1>Source.cpp(66): warning C4244: '=' : conversion from 'int' to 'float', possible loss of data
     1>Source.cpp(81): warning C4244: '+=' : conversion from 'const double' to 'float', possible loss of data
     1>Source.cpp(85): warning C4244: '+=' : conversion from 'const double' to 'float', possible loss of data
     1>Source.cpp(92): warning C4244: '-=' : conversion from 'const double' to 'float', possible loss of data
     1>Source.cpp(95): warning C4244: '+=' : conversion from 'const double' to 'float', possible loss of data
     1>Source.cpp(100): warning C4244: '=' : conversion from 'const double' to 'float', possible loss of data
     1>Source.cpp(115): warning C4305: '=' : truncation from 'double' to 'float'
     1>Source.cpp(117): warning C4305: '=' : truncation from 'double' to 'float'
     1>Source.cpp(128): warning C4244: 'argument' : conversion from 'int' to 'float', possible loss of data
     1>Source.cpp(133): warning C4018: '<' : signed/unsigned mismatch
     1>Source.cpp(134): warning C4244: 'argument' : conversion from 'int' to 'float', possible loss of data
     1>Source.cpp(172): warning C4244: 'initializing' : conversion from 'float' to 'int', possible loss of data
     1>Source.cpp(175): warning C4244: '=' : conversion from 'int' to 'float', possible loss of data
     1>Source.cpp(202): warning C4244: 'argument' : conversion from 'const int' to 'float', possible loss of data
     1>Source.cpp(227): warning C4244: 'argument' : conversion from 'float' to 'int', possible loss of data
     1>Source.cpp(235): warning C4018: '<' : signed/unsigned mismatch
     1>Source.cpp(237): warning C4244: 'argument' : conversion from 'float' to 'int', possible loss of data
     1>Source.cpp(243): warning C4244: 'initializing' : conversion from 'sf::Int64' to 'float', possible loss of data
     1>Source.cpp(276): warning C4305: '=' : truncation from 'double' to 'float'
     1>Source.cpp(283): warning C4305: '=' : truncation from 'double' to 'float'
     1>Source.cpp(311): warning C4244: 'argument' : conversion from 'float' to 'int', possible loss of data
     1>Source.cpp(311): warning C4244: 'argument' : conversion from 'int' to 'float', possible loss of data
     1>Source.cpp(326): warning C4305: '=' : truncation from 'double' to 'float'
     1>Source.cpp(336): warning C4244: '=' : conversion from 'float' to 'int', possible loss of data
     1>Source.cpp(341): warning C4244: '=' : conversion from 'float' to 'int', possible loss of data
     1>Source.cpp(344): warning C4244: 'argument' : conversion from 'int' to 'float', possible loss of data
     1>Source.cpp(347): warning C4018: '<' : signed/unsigned mismatch
     1>Source.cpp(361): warning C4018: '<' : signed/unsigned mismatch
     1>Source.cpp(364): warning C4018: '<' : signed/unsigned mismatch
     1>Source.cpp(388): warning C4305: '=' : truncation from 'double' to 'float'
     1>Source.cpp(390): warning C4305: '=' : truncation from 'double' to 'float'
     1>Source.cpp(391): warning C4305: '=' : truncation from 'double' to 'float'
     1>Source.cpp(392): warning C4244: 'argument' : conversion from 'time_t' to 'unsigned int', possible loss of data
     1>Source.cpp(393): warning C4244: 'initializing' : conversion from 'double' to 'int', possible loss of data
     1>Source.cpp(422): warning C4018: '<' : signed/unsigned mismatch
     1>Source.cpp(427): warning C4018: '<' : signed/unsigned mismatch
     1>Source.cpp(431): warning C4018: '<' : signed/unsigned mismatch
       Link:
         C:\Program Files (x86)\Microsoft Visual Studio 11.0\VC\bin\link.exe /ERRORREPORT:PROMPT /OUT:"C:\Users\Asus\Documents\CodeBlocks\Игрушки\Platformer1\Release\Platformer1.exe" /NOLOGO /LIBPATH:"C:\Users\Asus\Documents\Sfml\SFML-2.1\lib" "sfml-graphics-s.lib" "sfml-window-s.lib" "sfml-system-s.lib" "sfml-audio-s.lib" kernel32.lib user32.lib gdi32.lib winspool.lib comdlg32.lib advapi32.lib shell32.lib ole32.lib oleaut32.lib uuid.lib odbc32.lib odbccp32.lib /MANIFEST /MANIFESTUAC:"level='asInvoker' uiAccess='false'" /manifest:embed /DEBUG /PDB:"C:\Users\Asus\Documents\CodeBlocks\Игрушки\Platformer1\Release\Platformer1.pdb" /OPT:REF /OPT:ICF /LTCG /TLBID:1 /DYNAMICBASE /NXCOMPAT /IMPLIB:"C:\Users\Asus\Documents\CodeBlocks\Игрушки\Platformer1\Release\Platformer1.lib" /MACHINE:X86 /SAFESEH Release\Source.obj
         Release\tinystr.obj
         Release\tinyxml.obj
         Release\tinyxmlerror.obj
         Release\tinyxmlparser.obj
         Generating code
     1>c:\users\asus\documents\codeblocks\игрушки\platformer1\level.h(312): warning C4715: 'Level::GetObject' : not all control paths return a value
         Finished generating code
         Platformer1.vcxproj -> C:\Users\Asus\Documents\CodeBlocks\Игрушки\Platformer1\Release\Platformer1.exe
     1>Done Building Project "C:\Users\Asus\Documents\CodeBlocks\Игрушки\Platformer1\Platformer1.vcxproj" (Build target(s)).

Build succeeded.

Time Elapsed 00:00:02.48
